<?xml version="1.0" encoding="UTF-8"?>
<coverage generated="1664328026451" clover="3.2.0">
  <project timestamp="1664328026451" name="All files">
    <metrics statements="25" coveredstatements="25" conditionals="10" coveredconditionals="8" methods="7" coveredmethods="7" elements="42" coveredelements="40" complexity="0" loc="25" ncloc="25" packages="1" files="1" classes="1"/>
    <file name="cadastro_produtos.js" path="C:\Users\lhries\workspace\Aula05\crud_produtos\cadastro_produtos.js">
      <metrics statements="25" coveredstatements="25" conditionals="10" coveredconditionals="8" methods="7" coveredmethods="7"/>
      <line num="4" count="1" type="stmt"/>
      <line num="9" count="1" type="stmt"/>
      <line num="13" count="1" type="stmt"/>
      <line num="17" count="8" type="stmt"/>
      <line num="25" count="1" type="stmt"/>
      <line num="26" count="1" type="stmt"/>
      <line num="30" count="4" type="stmt"/>
      <line num="34" count="3" type="stmt"/>
      <line num="35" count="6" type="cond" truecount="2" falsecount="0"/>
      <line num="36" count="2" type="stmt"/>
      <line num="39" count="1" type="stmt"/>
      <line num="43" count="2" type="stmt"/>
      <line num="44" count="4" type="cond" truecount="2" falsecount="0"/>
      <line num="45" count="1" type="cond" truecount="1" falsecount="1"/>
      <line num="46" count="1" type="stmt"/>
      <line num="48" count="1" type="cond" truecount="1" falsecount="1"/>
      <line num="49" count="1" type="stmt"/>
      <line num="51" count="1" type="stmt"/>
      <line num="54" count="1" type="stmt"/>
      <line num="58" count="2" type="stmt"/>
      <line num="59" count="4" type="cond" truecount="2" falsecount="0"/>
      <line num="60" count="1" type="stmt"/>
      <line num="61" count="1" type="stmt"/>
      <line num="64" count="1" type="stmt"/>
      <line num="67" count="1" type="stmt"/>
    </file>
  </project>
</coverage>
