{"C:\\Users\\lhries\\workspace\\Aula05\\crud_produtos\\cadastro_produtos.js": {"path":"C:\\Users\\lhries\\workspace\\Aula05\\crud_produtos\\cadastro_produtos.js","statementMap":{"0":{"start":{"line":4,"column":20},"end":{"line":8,"column":1}},"1":{"start":{"line":9,"column":15},"end":{"line":9,"column":16}},"2":{"start":{"line":13,"column":4},"end":{"line":13,"column":21}},"3":{"start":{"line":17,"column":4},"end":{"line":21,"column":6}},"4":{"start":{"line":25,"column":4},"end":{"line":25,"column":28}},"5":{"start":{"line":26,"column":4},"end":{"line":26,"column":31}},"6":{"start":{"line":30,"column":4},"end":{"line":30,"column":24}},"7":{"start":{"line":34,"column":4},"end":{"line":38,"column":5}},"8":{"start":{"line":35,"column":8},"end":{"line":37,"column":9}},"9":{"start":{"line":36,"column":12},"end":{"line":36,"column":26}},"10":{"start":{"line":39,"column":4},"end":{"line":39,"column":30}},"11":{"start":{"line":43,"column":4},"end":{"line":53,"column":5}},"12":{"start":{"line":44,"column":8},"end":{"line":52,"column":9}},"13":{"start":{"line":45,"column":12},"end":{"line":47,"column":13}},"14":{"start":{"line":46,"column":16},"end":{"line":46,"column":51}},"15":{"start":{"line":48,"column":12},"end":{"line":50,"column":13}},"16":{"start":{"line":49,"column":16},"end":{"line":49,"column":53}},"17":{"start":{"line":51,"column":12},"end":{"line":51,"column":27}},"18":{"start":{"line":54,"column":4},"end":{"line":54,"column":30}},"19":{"start":{"line":58,"column":4},"end":{"line":63,"column":5}},"20":{"start":{"line":59,"column":8},"end":{"line":62,"column":9}},"21":{"start":{"line":60,"column":12},"end":{"line":60,"column":39}},"22":{"start":{"line":61,"column":12},"end":{"line":61,"column":19}},"23":{"start":{"line":64,"column":4},"end":{"line":64,"column":30}},"24":{"start":{"line":67,"column":0},"end":{"line":69,"column":1}}},"fnMap":{"0":{"name":"geradorId","decl":{"start":{"line":11,"column":9},"end":{"line":11,"column":18}},"loc":{"start":{"line":11,"column":21},"end":{"line":14,"column":1}},"line":11},"1":{"name":"init","decl":{"start":{"line":16,"column":9},"end":{"line":16,"column":13}},"loc":{"start":{"line":16,"column":16},"end":{"line":22,"column":1}},"line":16},"2":{"name":"inserir","decl":{"start":{"line":24,"column":9},"end":{"line":24,"column":16}},"loc":{"start":{"line":24,"column":26},"end":{"line":27,"column":1}},"line":24},"3":{"name":"listar","decl":{"start":{"line":29,"column":9},"end":{"line":29,"column":15}},"loc":{"start":{"line":29,"column":17},"end":{"line":31,"column":1}},"line":29},"4":{"name":"buscarPorId","decl":{"start":{"line":33,"column":9},"end":{"line":33,"column":20}},"loc":{"start":{"line":33,"column":25},"end":{"line":40,"column":1}},"line":33},"5":{"name":"atualizar","decl":{"start":{"line":42,"column":9},"end":{"line":42,"column":18}},"loc":{"start":{"line":42,"column":40},"end":{"line":55,"column":1}},"line":42},"6":{"name":"deletar","decl":{"start":{"line":57,"column":9},"end":{"line":57,"column":16}},"loc":{"start":{"line":57,"column":21},"end":{"line":65,"column":1}},"line":57}},"branchMap":{"0":{"loc":{"start":{"line":35,"column":8},"end":{"line":37,"column":9}},"type":"if","locations":[{"start":{"line":35,"column":8},"end":{"line":37,"column":9}},{"start":{},"end":{}}],"line":35},"1":{"loc":{"start":{"line":44,"column":8},"end":{"line":52,"column":9}},"type":"if","locations":[{"start":{"line":44,"column":8},"end":{"line":52,"column":9}},{"start":{},"end":{}}],"line":44},"2":{"loc":{"start":{"line":45,"column":12},"end":{"line":47,"column":13}},"type":"if","locations":[{"start":{"line":45,"column":12},"end":{"line":47,"column":13}},{"start":{},"end":{}}],"line":45},"3":{"loc":{"start":{"line":48,"column":12},"end":{"line":50,"column":13}},"type":"if","locations":[{"start":{"line":48,"column":12},"end":{"line":50,"column":13}},{"start":{},"end":{}}],"line":48},"4":{"loc":{"start":{"line":59,"column":8},"end":{"line":62,"column":9}},"type":"if","locations":[{"start":{"line":59,"column":8},"end":{"line":62,"column":9}},{"start":{},"end":{}}],"line":59}},"s":{"0":1,"1":1,"2":1,"3":8,"4":1,"5":1,"6":4,"7":3,"8":6,"9":2,"10":1,"11":2,"12":4,"13":1,"14":1,"15":1,"16":1,"17":1,"18":1,"19":2,"20":4,"21":1,"22":1,"23":1,"24":1},"f":{"0":1,"1":8,"2":1,"3":4,"4":3,"5":2,"6":2},"b":{"0":[2,4],"1":[1,3],"2":[1,0],"3":[1,0],"4":[1,3]},"_coverageSchema":"1a1c01bbd47fc00a2c39e90264f33305004495a9","hash":"87e6a096746b2cbcfb600301c5411875f89ed097"}
}
