TN:
SF:cadastro_produtos.js
FN:11,geradorId
FN:16,init
FN:24,inserir
FN:29,listar
FN:33,buscarPorId
FN:42,atualizar
FN:57,deletar
FNF:7
FNH:7
FNDA:1,geradorId
FNDA:8,init
FNDA:1,inserir
FNDA:4,listar
FNDA:3,buscarPorId
FNDA:2,atualizar
FNDA:2,deletar
DA:4,1
DA:9,1
DA:13,1
DA:17,8
DA:25,1
DA:26,1
DA:30,4
DA:34,3
DA:35,6
DA:36,2
DA:39,1
DA:43,2
DA:44,4
DA:45,1
DA:46,1
DA:48,1
DA:49,1
DA:51,1
DA:54,1
DA:58,2
DA:59,4
DA:60,1
DA:61,1
DA:64,1
DA:67,1
LF:25
LH:25
BRDA:35,0,0,2
BRDA:35,0,1,4
BRDA:44,1,0,1
BRDA:44,1,1,3
BRDA:45,2,0,1
BRDA:45,2,1,0
BRDA:48,3,0,1
BRDA:48,3,1,0
BRDA:59,4,0,1
BRDA:59,4,1,3
BRF:10
BRH:8
end_of_record
